Determining if the pthread_create exist failed with the following output:
Change Dir: /home/wys/slam/PL-SVO/wysPL-SVO/build/CMakeFiles/CMakeTmp

Run Build Command:"/usr/bin/make" "cmTC_ab20f/fast"
/usr/bin/make -f CMakeFiles/cmTC_ab20f.dir/build.make CMakeFiles/cmTC_ab20f.dir/build
make[1]: Entering directory '/home/wys/slam/PL-SVO/wysPL-SVO/build/CMakeFiles/CMakeTmp'
Building C object CMakeFiles/cmTC_ab20f.dir/CheckSymbolExists.c.o
/usr/bin/x86_64-linux-gnu-gcc-7    -o CMakeFiles/cmTC_ab20f.dir/CheckSymbolExists.c.o   -c /home/wys/slam/PL-SVO/wysPL-SVO/build/CMakeFiles/CMakeTmp/CheckSymbolExists.c
Linking C executable cmTC_ab20f
/usr/bin/cmake -E cmake_link_script CMakeFiles/cmTC_ab20f.dir/link.txt --verbose=1
/usr/bin/x86_64-linux-gnu-gcc-7      -rdynamic CMakeFiles/cmTC_ab20f.dir/CheckSymbolExists.c.o  -o cmTC_ab20f 
CMakeFiles/cmTC_ab20f.dir/CheckSymbolExists.c.o: In function `main':
CheckSymbolExists.c:(.text+0x1b): undefined reference to `pthread_create'
collect2: error: ld returned 1 exit status
CMakeFiles/cmTC_ab20f.dir/build.make:97: recipe for target 'cmTC_ab20f' failed
make[1]: *** [cmTC_ab20f] Error 1
make[1]: Leaving directory '/home/wys/slam/PL-SVO/wysPL-SVO/build/CMakeFiles/CMakeTmp'
Makefile:126: recipe for target 'cmTC_ab20f/fast' failed
make: *** [cmTC_ab20f/fast] Error 2

File /home/wys/slam/PL-SVO/wysPL-SVO/build/CMakeFiles/CMakeTmp/CheckSymbolExists.c:
/* */
#include <pthread.h>

int main(int argc, char** argv)
{
  (void)argv;
#ifndef pthread_create
  return ((int*)(&pthread_create))[argc];
#else
  (void)argc;
  return 0;
#endif
}

Determining if the function pthread_create exists in the pthreads failed with the following output:
Change Dir: /home/wys/slam/PL-SVO/wysPL-SVO/build/CMakeFiles/CMakeTmp

Run Build Command:"/usr/bin/make" "cmTC_ebf94/fast"
/usr/bin/make -f CMakeFiles/cmTC_ebf94.dir/build.make CMakeFiles/cmTC_ebf94.dir/build
make[1]: Entering directory '/home/wys/slam/PL-SVO/wysPL-SVO/build/CMakeFiles/CMakeTmp'
Building C object CMakeFiles/cmTC_ebf94.dir/CheckFunctionExists.c.o
/usr/bin/x86_64-linux-gnu-gcc-7   -DCHECK_FUNCTION_EXISTS=pthread_create   -o CMakeFiles/cmTC_ebf94.dir/CheckFunctionExists.c.o   -c /usr/share/cmake-3.10/Modules/CheckFunctionExists.c
Linking C executable cmTC_ebf94
/usr/bin/cmake -E cmake_link_script CMakeFiles/cmTC_ebf94.dir/link.txt --verbose=1
/usr/bin/x86_64-linux-gnu-gcc-7  -DCHECK_FUNCTION_EXISTS=pthread_create    -rdynamic CMakeFiles/cmTC_ebf94.dir/CheckFunctionExists.c.o  -o cmTC_ebf94 -lpthreads 
/usr/bin/ld: cannot find -lpthreads
collect2: error: ld returned 1 exit status
CMakeFiles/cmTC_ebf94.dir/build.make:97: recipe for target 'cmTC_ebf94' failed
make[1]: *** [cmTC_ebf94] Error 1
make[1]: Leaving directory '/home/wys/slam/PL-SVO/wysPL-SVO/build/CMakeFiles/CMakeTmp'
Makefile:126: recipe for target 'cmTC_ebf94/fast' failed
make: *** [cmTC_ebf94/fast] Error 2


